<<< Configuration >>>
< controller address = 192.168.43.152 >
< view id = N3 >
< port = 8081 >
< display timeout value = 30 >
< vontroller address = 192.168.43.152 >
</ 2021/05/25 10:14:02
	Client : {
		ping 123
	}
	Server : {
		pong 123
}
/>
</ 2021/05/25 10:14:32
	Client : {
		ping 123
	}
	Server : {
		pong 123
}
/>
</ 2021/05/25 10:15:02
	Client : {
		ping 123
	}
	Server : {
		pong 123
}
/>
</ 2021/05/25 10:15:32
	Client : {
		ping 123
	}
	Server : {
		pong 123
}
/>
</ 2021/05/25 10:16:02
	Client : {
		ping 123
	}
	Server : {
		pong 123
}
/>
</ 2021/05/25 10:16:32
	Client : {
		ping 123
	}
	Server : {
		pong 123
}
/>
</ 2021/05/25 10:17:02
	Client : {
		ping 123
	}
	Server : {
		pong 123
}
/>
</ 2021/05/25 10:17:32
	Client : {
		ping 123
	}
	Server : {
		pong 123
}
/>
</ 2021/05/25 10:18:02
	Client : {
		ping 123
	}
	Server : {
		pong 123
}
/>
