<<< Configuration >>>
< controller address = 192.168.43.152 >
< view id = N4 >
< port = 8081 >
< display timeout value = 30 >
< vontroller address = 192.168.43.152 >
</ 2021/05/25 11:13:32
	Client : {
		ping 123
	}
	Server : {
		pong 123
}
/>
</ 2021/05/25 11:14:02
	Client : {
		ping 123
	}
	Server : {
		pong 123
}
/>
</ 2021/05/25 11:14:32
	Client : {
		ping 123
	}
	Server : {
		pong 123
}
/>
</ 2021/05/25 11:15:02
	Client : {
		ping 123
	}
	Server : {
		pong 123
}
/>
</ 2021/05/25 11:15:32
	Client : {
		ping 123
	}
	Server : {
		pong 123
}
/>
</ 2021/05/25 11:16:02
	Client : {
		ping 123
	}
	Server : {
		pong 123
}
/>
</ 2021/05/25 11:16:32
	Client : {
		ping 123
	}
	Server : {
		pong 123
}
/>
</ 2021/05/25 11:17:02
	Client : {
		ping 123
	}
	Server : {
		
}
/>
</ 2021/05/25 11:17:32
	Client : {
		disconnect
	}
</ 2021/05/25 11:18:08
	Client : {
		disconnect
	}
